c:\cabal source\cabalnoeep33\cabalep33\release\cdescription.obj
c:\cabal source\cabalnoeep33\cabalep33\release\genericbutton.obj
c:\cabal source\cabalnoeep33\cabalep33\release\basic.obj
c:\cabal source\cabalnoeep33\cabalep33\release\discord.obj
c:\cabal source\cabalnoeep33\cabalep33\release\packetmanager.obj
c:\cabal source\cabalnoeep33\cabalep33\release\slot.obj
c:\cabal source\cabalnoeep33\cabalep33\release\wndproc.obj
c:\cabal source\cabalnoeep33\cabalep33\release\proc.obj
c:\cabal source\cabalnoeep33\cabalep33\release\game.obj
c:\cabal source\cabalnoeep33\cabalep33\release\directx.obj
c:\cabal source\cabalnoeep33\cabalep33\release\dllsec.obj
c:\cabal source\cabalnoeep33\cabalep33\release\bm3sinergy.obj
c:\cabal source\cabalnoeep33\cabalep33\release\gameversion.obj
c:\cabal source\cabalnoeep33\cabalep33\release\main.obj
c:\cabal source\cabalnoeep33\cabalep33\release\screen.obj
c:\cabal source\cabalnoeep33\cabalep33\release\storage_manager.obj
c:\cabal source\cabalnoeep33\cabalep33\release\relationship_manager.obj
c:\cabal source\cabalnoeep33\cabalep33\release\lobby_manager.obj
c:\cabal source\cabalnoeep33\cabalep33\release\overlay_manager.obj
c:\cabal source\cabalnoeep33\cabalep33\release\achievement_manager.obj
c:\cabal source\cabalnoeep33\cabalep33\release\voice_manager.obj
c:\cabal source\cabalnoeep33\cabalep33\release\types.obj
c:\cabal source\cabalnoeep33\cabalep33\release\application_manager.obj
c:\cabal source\cabalnoeep33\cabalep33\release\core.obj
c:\cabal source\cabalnoeep33\cabalep33\release\store_manager.obj
c:\cabal source\cabalnoeep33\cabalep33\release\user_manager.obj
c:\cabal source\cabalnoeep33\cabalep33\release\eventalert.obj
c:\cabal source\cabalnoeep33\cabalep33\release\image_manager.obj
c:\cabal source\cabalnoeep33\cabalep33\release\network_manager.obj
c:\cabal source\cabalnoeep33\cabalep33\release\activity_manager.obj
c:\cabal source\cabalnoeep33\cabalep33\release\vc143.pdb
c:\cabal source\cabalnoeep33\cabalep33\release\logs.obj
c:\cabal source\cabalnoeep33\cabalep33\release\objects.obj
c:\cabal source\cabalnoeep33\cabalep33\release\userdatacontext.obj
c:\cabal source\cabalnoeep33\cabalep33\release\bm3macro.obj
c:\cabal source\cabalnoeep33\release\cabalrealm.dll
c:\cabal source\cabalnoeep33\release\cabalrealm.pdb
c:\cabal source\cabalnoeep33\cabalep33\release\cabalep33.tlog\cl.command.1.tlog
c:\cabal source\cabalnoeep33\cabalep33\release\cabalep33.tlog\cl.read.1.tlog
c:\cabal source\cabalnoeep33\cabalep33\release\cabalep33.tlog\cl.write.1.tlog
c:\cabal source\cabalnoeep33\cabalep33\release\cabalep33.tlog\link.command.1.tlog
c:\cabal source\cabalnoeep33\cabalep33\release\cabalep33.tlog\link.read.1.tlog
c:\cabal source\cabalnoeep33\cabalep33\release\cabalep33.tlog\link.write.1.tlog
